<?xml version="1.0" encoding="UTF-8"?>
<!-- Generated by org.testng.reporters.JUnitReportReporter -->
<testsuite hostname="DESKTOP-BRTJUVU" failures="0" tests="5" name="Page_layer.Interactions" time="287.169" errors="0" timestamp="16 Sep 2021 11:28:01 GMT" skipped="0">
  <testcase classname="Page_layer.Interactions" name="Step1" time="20.457"/>
  <testcase classname="Page_layer.Interactions" name="Step2" time="91.100"/>
  <testcase classname="Page_layer.Interactions" name="Step3" time="53.157"/>
  <testcase classname="Page_layer.Interactions" name="Step4" time="44.881"/>
  <testcase classname="Page_layer.Interactions" name="Step5" time="77.574"/>
</testsuite> <!-- Page_layer.Interactions -->
