<?xml version="1.0" encoding="UTF-8"?>
<!-- Generated by org.testng.reporters.JUnitReportReporter -->
<testsuite hostname="DESKTOP-BRTJUVU" failures="0" tests="6" name="Test_layer.IMP" time="327.724" errors="0" timestamp="17 Sep 2021 10:17:03 GMT" skipped="0">
  <testcase classname="Test_layer.IMP" name="Step1" time="12.169"/>
  <testcase classname="Test_layer.IMP" name="Step2" time="86.358"/>
  <testcase classname="Test_layer.IMP" name="Step3" time="55.331"/>
  <testcase classname="Test_layer.IMP" name="Step4" time="44.165"/>
  <testcase classname="Test_layer.IMP" name="Step5" time="76.389"/>
  <testcase classname="Test_layer.IMP" name="Step6" time="53.312"/>
</testsuite> <!-- Test_layer.IMP -->
