<?xml version="1.0" encoding="UTF-8"?>
<!-- Generated by org.testng.reporters.JUnitReportReporter -->
<testsuite hostname="DESKTOP-BRTJUVU" failures="0" tests="2" name="Page_layer.BookStore" time="67.704" errors="0" timestamp="17 Sep 2021 09:48:44 GMT" skipped="0">
  <testcase classname="Page_layer.BookStore" name="Step1" time="13.800"/>
  <testcase classname="Page_layer.BookStore" name="Step6" time="53.904"/>
</testsuite> <!-- Page_layer.BookStore -->
