<?xml version="1.0" encoding="UTF-8"?>
<!-- Generated by org.testng.reporters.JUnitReportReporter -->
<testsuite hostname="DESKTOP-BRTJUVU" failures="0" tests="5" name="Page_layer.Forms" time="286.947" errors="0" timestamp="17 Sep 2021 06:23:07 GMT" skipped="0">
  <testcase classname="Page_layer.Forms" name="Step1" time="23.135"/>
  <testcase classname="Page_layer.Forms" name="Step2" time="86.952"/>
  <testcase classname="Page_layer.Forms" name="Step3" time="55.801"/>
  <testcase classname="Page_layer.Forms" name="Step4" time="44.329"/>
  <testcase classname="Page_layer.Forms" name="Step5" time="76.730"/>
</testsuite> <!-- Page_layer.Forms -->
