<?xml version="1.0" encoding="UTF-8"?>
<!-- Generated by org.testng.reporters.JUnitReportReporter -->
<testsuite hostname="NEOLAP000003845" failures="0" tests="6" name="Test_layer.IMP" time="344.743" errors="0" timestamp="08 Oct 2021 19:49:05 GMT" skipped="0">
  <testcase classname="Test_layer.IMP" name="Step1" time="14.718"/>
  <testcase classname="Test_layer.IMP" name="Step2" time="90.026"/>
  <testcase classname="Test_layer.IMP" name="Step3" time="58.007"/>
  <testcase classname="Test_layer.IMP" name="Step4" time="45.588"/>
  <testcase classname="Test_layer.IMP" name="Step5" time="78.293"/>
  <testcase classname="Test_layer.IMP" name="Step6" time="58.111"/>
</testsuite> <!-- Test_layer.IMP -->
