<?xml version="1.0" encoding="UTF-8"?>
<!-- Generated by org.testng.reporters.JUnitReportReporter -->
<testsuite hostname="DESKTOP-BRTJUVU" failures="0" tests="4" name="Page_layer.ALFRWIN" time="235.449" errors="0" timestamp="16 Sep 2021 04:49:36 GMT" skipped="0">
  <testcase classname="Page_layer.ALFRWIN" name="Step1" time="19.210"/>
  <testcase classname="Page_layer.ALFRWIN" name="Step2" time="121.831"/>
  <testcase classname="Page_layer.ALFRWIN" name="Step3" time="51.105"/>
  <testcase classname="Page_layer.ALFRWIN" name="Step4" time="43.303"/>
</testsuite> <!-- Page_layer.ALFRWIN -->
